<?xml version="1.0" encoding="UTF-8"?>
<!-- Generated by org.testng.reporters.JUnitXMLReporter -->
<testsuite ignored="0" hostname="LAPTOP-V5S86BSH" failures="0" tests="1" name="Test2" time="0.086" errors="0" timestamp="2022-07-08T16:10:14 IST">
  <testcase classname="com.formy.genericutility.BaseClass" name="@BeforeMethod loginToApplication" time="0.014">
    <failure type="java.lang.NullPointerException" message="Cannot invoke &amp;quot;org.openqa.selenium.WebDriver.manage()&amp;quot; because &amp;quot;driver&amp;quot; is null">
      <![CDATA[java.lang.NullPointerException: Cannot invoke "org.openqa.selenium.WebDriver.manage()" because "driver" is null
at com.formy.genericutility.WebDriverUtility.maximizeBrowserWindow(WebDriverUtility.java:91)
at com.formy.genericutility.WebDriverUtility.launchApplicationWithMaximize(WebDriverUtility.java:100)
at com.formy.genericutility.BaseClass.loginToApplication(BaseClass.java:60)
at java.base/java.util.ArrayList.forEach(ArrayList.java:1511)
at java.base/java.util.concurrent.FutureTask.run(FutureTask.java:264)
at java.base/java.util.concurrent.ThreadPoolExecutor.runWorker(ThreadPoolExecutor.java:1130)
at java.base/java.util.concurrent.ThreadPoolExecutor$Worker.run(ThreadPoolExecutor.java:630)
at java.base/java.lang.Thread.run(Thread.java:831)
... Removed 22 stack frames]]>
    </failure>
  </testcase> <!-- @BeforeMethod loginToApplication -->
  <testcase classname="com.formy.genericutility.BaseClass" name="@AfterMethod logOutFromApplication" time="-1.657276814662E9">
    <skipped/>
  </testcase> <!-- @AfterMethod logOutFromApplication -->
  <testcase classname="com.formy.genericutility.BaseClass" name="@AfterClass closeBrowser" time="-1.657276814667E9">
    <skipped/>
  </testcase> <!-- @AfterClass closeBrowser -->
  <testcase classname="com.formy.FormyScriptTest" name="formyApplication" time="0.0">
    <skipped/>
  </testcase> <!-- formyApplication -->
</testsuite> <!-- Test2 -->
